<?xml version="1.0" encoding="UTF-8"?><testrun name="BarnesHutSuite" project="barneshut" tests="9" started="9" failures="0" errors="1" ignored="0">
  <testsuite name="barneshut.BarnesHutSuite" time="0.15">
    <testcase name="Empty: center of mass should be the center of the cell" classname="barneshut.BarnesHutSuite" time="0.014"/>
    <testcase name="Empty: mass should be 0" classname="barneshut.BarnesHutSuite" time="0.0"/>
    <testcase name="Empty: total should be 0" classname="barneshut.BarnesHutSuite" time="0.0"/>
    <testcase name="Leaf with 1 body" classname="barneshut.BarnesHutSuite" time="0.022"/>
    <testcase name="Fork with 3 empty quadrants and 1 leaf (nw)" classname="barneshut.BarnesHutSuite" time="0.003"/>
    <testcase name="Empty.insert(b) should return a Leaf with only that body" classname="barneshut.BarnesHutSuite" time="0.001"/>
    <testcase name="Body.updated should do nothing for Empty quad trees" classname="barneshut.BarnesHutSuite" time="0.002"/>
    <testcase name="Body.updated should take bodies in a Leaf into account" classname="barneshut.BarnesHutSuite" time="0.003"/>
    <testcase name="'SectorMatrix.+=' should add a body at (25,47) to the correct bucket of a sector matrix of size 96" classname="barneshut.BarnesHutSuite" time="0.105">
      <error>org.scalatest.exceptions.TestFailedException: res was false Body not found in the right sector&#13;
	at org.scalatest.Assertions$class.newAssertionFailedException(Assertions.scala:500)&#13;
	at org.scalatest.FunSuite.newAssertionFailedException(FunSuite.scala:1555)&#13;
	at org.scalatest.Assertions$AssertionsHelper.macroAssert(Assertions.scala:466)&#13;
	at barneshut.BarnesHutSuite$$anonfun$9.apply$mcV$sp(BarnesHutSuite.scala:112)&#13;
	at barneshut.BarnesHutSuite$$anonfun$9.apply(BarnesHutSuite.scala:102)&#13;
	at barneshut.BarnesHutSuite$$anonfun$9.apply(BarnesHutSuite.scala:102)&#13;
	at org.scalatest.Transformer$$anonfun$apply$1.apply$mcV$sp(Transformer.scala:22)&#13;
	at org.scalatest.OutcomeOf$class.outcomeOf(OutcomeOf.scala:85)&#13;
	at org.scalatest.OutcomeOf$.outcomeOf(OutcomeOf.scala:104)&#13;
	at org.scalatest.Transformer.apply(Transformer.scala:22)&#13;
	at org.scalatest.Transformer.apply(Transformer.scala:20)&#13;
	at org.scalatest.FunSuiteLike$$anon$1.apply(FunSuiteLike.scala:166)&#13;
	at org.scalatest.Suite$class.withFixture(Suite.scala:1122)&#13;
	at org.scalatest.FunSuite.withFixture(FunSuite.scala:1555)&#13;
	at org.scalatest.FunSuiteLike$class.invokeWithFixture$1(FunSuiteLike.scala:163)&#13;
	at org.scalatest.FunSuiteLike$$anonfun$runTest$1.apply(FunSuiteLike.scala:175)&#13;
	at org.scalatest.FunSuiteLike$$anonfun$runTest$1.apply(FunSuiteLike.scala:175)&#13;
	at org.scalatest.SuperEngine.runTestImpl(Engine.scala:306)&#13;
	at org.scalatest.FunSuiteLike$class.runTest(FunSuiteLike.scala:175)&#13;
	at org.scalatest.FunSuite.runTest(FunSuite.scala:1555)&#13;
	at org.scalatest.FunSuiteLike$$anonfun$runTests$1.apply(FunSuiteLike.scala:208)&#13;
	at org.scalatest.FunSuiteLike$$anonfun$runTests$1.apply(FunSuiteLike.scala:208)&#13;
	at org.scalatest.SuperEngine$$anonfun$traverseSubNodes$1$1.apply(Engine.scala:413)&#13;
	at org.scalatest.SuperEngine$$anonfun$traverseSubNodes$1$1.apply(Engine.scala:401)&#13;
	at scala.collection.immutable.List.foreach(List.scala:381)&#13;
	at org.scalatest.SuperEngine.traverseSubNodes$1(Engine.scala:401)&#13;
	at org.scalatest.SuperEngine.org$scalatest$SuperEngine$$runTestsInBranch(Engine.scala:396)&#13;
	at org.scalatest.SuperEngine.runTestsImpl(Engine.scala:483)&#13;
	at org.scalatest.FunSuiteLike$class.runTests(FunSuiteLike.scala:208)&#13;
	at org.scalatest.FunSuite.runTests(FunSuite.scala:1555)&#13;
	at org.scalatest.Suite$class.run(Suite.scala:1424)&#13;
	at org.scalatest.FunSuite.org$scalatest$FunSuiteLike$$super$run(FunSuite.scala:1555)&#13;
	at org.scalatest.FunSuiteLike$$anonfun$run$1.apply(FunSuiteLike.scala:212)&#13;
	at org.scalatest.FunSuiteLike$$anonfun$run$1.apply(FunSuiteLike.scala:212)&#13;
	at org.scalatest.SuperEngine.runImpl(Engine.scala:545)&#13;
	at org.scalatest.FunSuiteLike$class.run(FunSuiteLike.scala:212)&#13;
	at org.scalatest.FunSuite.run(FunSuite.scala:1555)&#13;
	at org.scalatest.junit.JUnitRunner.run(JUnitRunner.scala:99)&#13;
	at org.eclipse.jdt.internal.junit4.runner.JUnit4TestReference.run(JUnit4TestReference.java:86)&#13;
	at org.eclipse.jdt.internal.junit.runner.TestExecution.run(TestExecution.java:38)&#13;
	at org.eclipse.jdt.internal.junit.runner.RemoteTestRunner.runTests(RemoteTestRunner.java:459)&#13;
	at org.eclipse.jdt.internal.junit.runner.RemoteTestRunner.runTests(RemoteTestRunner.java:678)&#13;
	at org.eclipse.jdt.internal.junit.runner.RemoteTestRunner.run(RemoteTestRunner.java:382)&#13;
	at org.eclipse.jdt.internal.junit.runner.RemoteTestRunner.main(RemoteTestRunner.java:192)&#13;
&#13;
</error>
    </testcase>
  </testsuite>
</testrun>
